<?xml version="1.0" encoding="UTF-8"?>
<robot generator="Robot 3.2.2 (Python 3.9.0 on win32)" generated="20210325 16:53:21.511" rpa="false">
<suite id="s1" name="Buy Product" source="C:\Sourcecode\primecontrol-automation\tests\buy_product.robot">
<test id="s1-t1" name="Buy a product">
<kw name="Given that I access the shopping site" library="steps">
<doc>Navegamos até a página inicial do site.</doc>
<kw name="Navigate to the home page" library="home_page">
<doc>Navegar até a página inicial do site.</doc>
<kw name="Open Browser" library="Selenium2Library">
<doc>Opens a new browser instance to the optional ``url``.</doc>
<arguments>
<arg>${URL}</arg>
<arg>${BROWSER}</arg>
</arguments>
<msg timestamp="20210325 16:53:21.765" level="INFO">Opening browser 'Chrome' to base url 'http://automationpractice.com/index.php'.</msg>
<status status="PASS" starttime="20210325 16:53:21.765" endtime="20210325 16:53:30.541"></status>
</kw>
<kw name="Maximize Browser Window" library="Selenium2Library">
<doc>Maximizes current browser window.</doc>
<status status="PASS" starttime="20210325 16:53:30.541" endtime="20210325 16:53:30.658"></status>
</kw>
<kw name="Wait Until Element Is Visible" library="Selenium2Library">
<doc>Waits until the element ``locator`` is visible.</doc>
<arguments>
<arg>${HOME_LOGO}</arg>
</arguments>
<status status="PASS" starttime="20210325 16:53:30.658" endtime="20210325 16:53:30.683"></status>
</kw>
<status status="PASS" starttime="20210325 16:53:21.765" endtime="20210325 16:53:30.683"></status>
</kw>
<status status="PASS" starttime="20210325 16:53:21.764" endtime="20210325 16:53:30.683"></status>
</kw>
<kw name="When I add a product to my cart" library="steps">
<doc>Selecionamos um item e adicionamos ele ao carrinho.</doc>
<kw name="Navigate to the item page" library="home_page">
<doc>Navegar até a página do item que vamos comprar.</doc>
<kw name="Click Element" library="Selenium2Library">
<doc>Click the element identified by ``locator``.</doc>
<arguments>
<arg>${ITEM}</arg>
</arguments>
<msg timestamp="20210325 16:53:30.684" level="INFO">Clicking element 'xpath=.//img[@title="Blouse"]'.</msg>
<status status="PASS" starttime="20210325 16:53:30.684" endtime="20210325 16:53:32.565"></status>
</kw>
<status status="PASS" starttime="20210325 16:53:30.684" endtime="20210325 16:53:32.565"></status>
</kw>
<kw name="Add item to cart" library="item_page">
<doc>Adicionando o item ao carrinho.</doc>
<kw name="Click Button" library="Selenium2Library">
<doc>Clicks the button identified by ``locator``.</doc>
<arguments>
<arg>${ADD_TO_CART_BTN}</arg>
</arguments>
<msg timestamp="20210325 16:53:32.567" level="INFO">Clicking button 'xpath=.//button[@name="Submit"]'.</msg>
<kw name="Capture Page Screenshot" library="Selenium2Library">
<doc>Takes a screenshot of the current page and embeds it into a log file.</doc>
<msg timestamp="20210325 16:53:33.917" level="INFO" html="yes">&lt;/td&gt;&lt;/tr&gt;&lt;tr&gt;&lt;td colspan="3"&gt;&lt;a href="selenium-screenshot-1.png"&gt;&lt;img src="selenium-screenshot-1.png" width="800px"&gt;&lt;/a&gt;</msg>
<status status="PASS" starttime="20210325 16:53:32.599" endtime="20210325 16:53:33.917"></status>
</kw>
<msg timestamp="20210325 16:53:33.919" level="FAIL">Button with locator 'xpath=.//button[@name="Submit"]' not found.</msg>
<status status="FAIL" starttime="20210325 16:53:32.566" endtime="20210325 16:53:33.920"></status>
</kw>
<status status="FAIL" starttime="20210325 16:53:32.566" endtime="20210325 16:53:33.920"></status>
</kw>
<status status="FAIL" starttime="20210325 16:53:30.683" endtime="20210325 16:53:33.920"></status>
</kw>
<kw name="Close navigation" library="common" type="teardown">
<kw name="Close Browser" library="Selenium2Library">
<doc>Closes the current browser.</doc>
<status status="PASS" starttime="20210325 16:53:33.920" endtime="20210325 16:53:36.062"></status>
</kw>
<status status="PASS" starttime="20210325 16:53:33.920" endtime="20210325 16:53:36.062"></status>
</kw>
<status status="FAIL" starttime="20210325 16:53:21.764" endtime="20210325 16:53:36.062" critical="yes">Button with locator 'xpath=.//button[@name="Submit"]' not found.</status>
</test>
<status status="FAIL" starttime="20210325 16:53:21.514" endtime="20210325 16:53:36.063"></status>
</suite>
<statistics>
<total>
<stat pass="0" fail="1">Critical Tests</stat>
<stat pass="0" fail="1">All Tests</stat>
</total>
<tag>
</tag>
<suite>
<stat pass="0" fail="1" id="s1" name="Buy Product">Buy Product</stat>
</suite>
</statistics>
<errors>
</errors>
</robot>
