<?xml version="1.0" encoding="UTF-8"?>
<robot generator="Robot 3.2.2 (Python 3.9.0 on win32)" generated="20210325 11:49:55.838" rpa="false">
<suite id="s1" name="Buy Product" source="C:\Sourcecode\primecontrol-automation\tests\buy_product.robot">
<test id="s1-t1" name="Buy a product">
<kw name="Given that I access the shopping site">
<doc>Navegamos até a página inicial do site.</doc>
<kw name="Navigate to the home page" library="home_page">
<doc>Navegar até a página inicial do site.</doc>
<kw name="Open Browser" library="Selenium2Library">
<doc>Opens a new browser instance to the optional ``url``.</doc>
<arguments>
<arg>${URL}</arg>
<arg>${BROWSER}</arg>
</arguments>
<msg timestamp="20210325 11:49:56.089" level="INFO">Opening browser 'Chrome' to base url 'http://automationpractice.com/index.php'.</msg>
<status status="PASS" starttime="20210325 11:49:56.089" endtime="20210325 11:50:05.775"></status>
</kw>
<kw name="Maximize Browser Window" library="Selenium2Library">
<doc>Maximizes current browser window.</doc>
<status status="PASS" starttime="20210325 11:50:05.775" endtime="20210325 11:50:05.890"></status>
</kw>
<kw name="Wait Until Element Is Visible" library="Selenium2Library">
<doc>Waits until the element ``locator`` is visible.</doc>
<arguments>
<arg>${HOME_LOGO}</arg>
</arguments>
<status status="PASS" starttime="20210325 11:50:05.890" endtime="20210325 11:50:05.913"></status>
</kw>
<status status="PASS" starttime="20210325 11:49:56.088" endtime="20210325 11:50:05.913"></status>
</kw>
<status status="PASS" starttime="20210325 11:49:56.088" endtime="20210325 11:50:05.913"></status>
</kw>
<kw name="When I add a product to my cart">
<doc>Selecionamos um item e adicionamos ele ao carrinho.</doc>
<kw name="Navigate to the item page" library="home_page">
<doc>Navegar até a página do item que vamos comprar.</doc>
<kw name="Click Element" library="Selenium2Library">
<doc>Click the element identified by ``locator``.</doc>
<arguments>
<arg>${ITEM}</arg>
</arguments>
<msg timestamp="20210325 11:50:05.914" level="INFO">Clicking element 'xpath=.//img[@title="Blouse"]'.</msg>
<status status="PASS" starttime="20210325 11:50:05.914" endtime="20210325 11:50:09.038"></status>
</kw>
<status status="PASS" starttime="20210325 11:50:05.914" endtime="20210325 11:50:09.038"></status>
</kw>
<kw name="Add item to cart" library="item_page">
<doc>Adicionando o item ao carrinho.</doc>
<kw name="Click Button" library="Selenium2Library">
<doc>Clicks the button identified by ``locator``.</doc>
<arguments>
<arg>${ADD_TO_CART_BTN}</arg>
</arguments>
<msg timestamp="20210325 11:50:09.040" level="INFO">Clicking button 'xpath=.//button[@name="Submit"]'.</msg>
<status status="PASS" starttime="20210325 11:50:09.039" endtime="20210325 11:50:09.105"></status>
</kw>
<kw name="Sleep" library="BuiltIn">
<doc>Pauses the test executed for the given time.</doc>
<arguments>
<arg>1s</arg>
</arguments>
<msg timestamp="20210325 11:50:10.105" level="INFO">Slept 1 second</msg>
<status status="PASS" starttime="20210325 11:50:09.105" endtime="20210325 11:50:10.105"></status>
</kw>
<kw name="Wait Until Element Is Visible" library="Selenium2Library">
<doc>Waits until the element ``locator`` is visible.</doc>
<arguments>
<arg>${PROCEED_TO_CHECKOUT_BTN}</arg>
</arguments>
<status status="PASS" starttime="20210325 11:50:10.105" endtime="20210325 11:50:11.412"></status>
</kw>
<kw name="Click Element" library="Selenium2Library">
<doc>Click the element identified by ``locator``.</doc>
<arguments>
<arg>${PROCEED_TO_CHECKOUT_BTN}</arg>
</arguments>
<msg timestamp="20210325 11:50:11.412" level="INFO">Clicking element 'xpath=.//a[@title="Proceed to checkout"]'.</msg>
<status status="PASS" starttime="20210325 11:50:11.412" endtime="20210325 11:50:13.125"></status>
</kw>
<status status="PASS" starttime="20210325 11:50:09.039" endtime="20210325 11:50:13.126"></status>
</kw>
<status status="PASS" starttime="20210325 11:50:05.913" endtime="20210325 11:50:13.126"></status>
</kw>
<kw name="Then I must log in to complete the purchase">
<doc>Validamos se o produto foi para o carrinho.
Realizamos login.
Validamos o endereço de entrega.
Aceitamos os termos de entrega.
Selecionamos o método de pagamento e finalizamos a compra.</doc>
<arguments>
<arg>${EMAIL}</arg>
<arg>${PASSWD}</arg>
</arguments>
<kw name="Validate product step" library="cart_page">
<doc>Realizando a validação de que o carrinho contém o produto selecionado.</doc>
<kw name="Element Should Be Visible" library="Selenium2Library">
<doc>Verifies that the element identified by ``locator`` is visible.</doc>
<arguments>
<arg>${CHECK_CART_PRODUCT}</arg>
</arguments>
<msg timestamp="20210325 11:50:13.148" level="INFO">Element 'xpath=.//span[text()="1 Product"]' is displayed.</msg>
<status status="PASS" starttime="20210325 11:50:13.127" endtime="20210325 11:50:13.148"></status>
</kw>
<kw name="Page Should Contain Element" library="Selenium2Library">
<doc>Verifies that element ``locator`` is found on the current page.</doc>
<arguments>
<arg>${CHECK_CART_PRODUCT}</arg>
</arguments>
<msg timestamp="20210325 11:50:13.155" level="INFO">Current page contains element 'xpath=.//span[text()="1 Product"]'.</msg>
<status status="PASS" starttime="20210325 11:50:13.149" endtime="20210325 11:50:13.155"></status>
</kw>
<kw name="Click Element" library="Selenium2Library">
<doc>Click the element identified by ``locator``.</doc>
<arguments>
<arg>${STEP1_BTN}</arg>
</arguments>
<msg timestamp="20210325 11:50:13.155" level="INFO">Clicking element 'xpath=.//a[@href="http://automationpractice.com/index.php?controller=order&amp;step=1"]'.</msg>
<status status="PASS" starttime="20210325 11:50:13.155" endtime="20210325 11:50:17.828"></status>
</kw>
<status status="PASS" starttime="20210325 11:50:13.126" endtime="20210325 11:50:17.828"></status>
</kw>
<kw name="Validate sign in step" library="cart_page">
<doc>Realizar login para continuar a compra.</doc>
<arguments>
<arg>${EMAIL}</arg>
<arg>${PASSWD}</arg>
</arguments>
<kw name="Input Text" library="Selenium2Library">
<doc>Types the given ``text`` into the text field identified by ``locator``.</doc>
<arguments>
<arg>${EMAIL_FIELD}</arg>
<arg>${EMAIL}</arg>
</arguments>
<msg timestamp="20210325 11:50:17.829" level="INFO">Typing text 'rennan.colozzo18@hotmail.com' into text field 'xpath=.//input[@id="email"]'.</msg>
<status status="PASS" starttime="20210325 11:50:17.829" endtime="20210325 11:50:17.931"></status>
</kw>
<kw name="Input Password" library="Selenium2Library">
<doc>Types the given password into the text field identified by ``locator``.</doc>
<arguments>
<arg>${PASSWD_FIELD}</arg>
<arg>${PASSWD}</arg>
</arguments>
<msg timestamp="20210325 11:50:17.931" level="INFO">Typing password into text field 'xpath=.//input[@id="passwd"]'.</msg>
<msg timestamp="20210325 11:50:17.965" level="INFO">Temporally setting log level to: NONE</msg>
<msg timestamp="20210325 11:50:18.011" level="INFO">Log level changed from NONE to INFO.</msg>
<status status="PASS" starttime="20210325 11:50:17.931" endtime="20210325 11:50:18.012"></status>
</kw>
<kw name="Press Keys" library="Selenium2Library">
<doc>Simulates the user pressing key(s) to an element or on the active browser.</doc>
<arguments>
<arg>none</arg>
<arg>RETURN</arg>
</arguments>
<msg timestamp="20210325 11:50:18.012" level="INFO">Sending key(s) ('RETURN',) to page.</msg>
<msg timestamp="20210325 11:50:18.013" level="INFO">Pressing special key RETURN to browser.</msg>
<msg timestamp="20210325 11:50:18.013" level="INFO">Releasing special key RETURN.</msg>
<status status="PASS" starttime="20210325 11:50:18.012" endtime="20210325 11:50:20.204"></status>
</kw>
<status status="PASS" starttime="20210325 11:50:17.828" endtime="20210325 11:50:20.205"></status>
</kw>
<kw name="Validate address step" library="cart_page">
<doc>Realizando validação do endereço.</doc>
<kw name="Element Should Be Visible" library="Selenium2Library">
<doc>Verifies that the element identified by ``locator`` is visible.</doc>
<arguments>
<arg>${CHECK_ADDRESS}</arg>
</arguments>
<msg timestamp="20210325 11:50:20.229" level="INFO">Element 'xpath=.//li[text()="Los Angeles, California 90009"]' is displayed.</msg>
<status status="PASS" starttime="20210325 11:50:20.206" endtime="20210325 11:50:20.229"></status>
</kw>
<kw name="Page Should Contain Element" library="Selenium2Library">
<doc>Verifies that element ``locator`` is found on the current page.</doc>
<arguments>
<arg>${CHECK_ADDRESS}</arg>
</arguments>
<msg timestamp="20210325 11:50:20.237" level="INFO">Current page contains element 'xpath=.//li[text()="Los Angeles, California 90009"]'.</msg>
<status status="PASS" starttime="20210325 11:50:20.229" endtime="20210325 11:50:20.237"></status>
</kw>
<kw name="Click Button" library="Selenium2Library">
<doc>Clicks the button identified by ``locator``.</doc>
<arguments>
<arg>${STEP3_BTN}</arg>
</arguments>
<msg timestamp="20210325 11:50:20.237" level="INFO">Clicking button 'xpath=.//button[@name="processAddress"]'.</msg>
<status status="PASS" starttime="20210325 11:50:20.237" endtime="20210325 11:50:21.416"></status>
</kw>
<status status="PASS" starttime="20210325 11:50:20.205" endtime="20210325 11:50:21.417"></status>
</kw>
<kw name="Validate shipping step" library="cart_page">
<doc>Realizando validação da etapa de entrega do produto.</doc>
<kw name="Click Button" library="Selenium2Library">
<doc>Clicks the button identified by ``locator``.</doc>
<arguments>
<arg>${SERVICE_TERMS_BTN}</arg>
</arguments>
<msg timestamp="20210325 11:50:21.418" level="INFO">Clicking button 'xpath=.//input[@type="checkbox"]'.</msg>
<status status="PASS" starttime="20210325 11:50:21.417" endtime="20210325 11:50:21.477"></status>
</kw>
<kw name="Click Button" library="Selenium2Library">
<doc>Clicks the button identified by ``locator``.</doc>
<arguments>
<arg>${STEP4_BTN}</arg>
</arguments>
<msg timestamp="20210325 11:50:21.478" level="INFO">Clicking button 'xpath=.//button[@name="processCarrier"]'.</msg>
<status status="PASS" starttime="20210325 11:50:21.477" endtime="20210325 11:50:26.359"></status>
</kw>
<status status="PASS" starttime="20210325 11:50:21.417" endtime="20210325 11:50:26.359"></status>
</kw>
<kw name="Select payment method" library="cart_page">
<doc>Selecionando o método de pagamento.</doc>
<kw name="Click Element" library="Selenium2Library">
<doc>Click the element identified by ``locator``.</doc>
<arguments>
<arg>${PAYMENT_METHOD}</arg>
</arguments>
<msg timestamp="20210325 11:50:26.360" level="INFO">Clicking element 'xpath=.//a[@title="Pay by check."]'.</msg>
<status status="PASS" starttime="20210325 11:50:26.359" endtime="20210325 11:50:30.485"></status>
</kw>
<kw name="Click Button" library="Selenium2Library">
<doc>Clicks the button identified by ``locator``.</doc>
<arguments>
<arg>${CONFIRM_ORDER_BTN}</arg>
</arguments>
<msg timestamp="20210325 11:50:30.486" level="INFO">Clicking button 'xpath=.//button[@type="submit"]'.</msg>
<status status="PASS" starttime="20210325 11:50:30.486" endtime="20210325 11:50:33.212"></status>
</kw>
<status status="PASS" starttime="20210325 11:50:26.359" endtime="20210325 11:50:33.213"></status>
</kw>
<status status="PASS" starttime="20210325 11:50:13.126" endtime="20210325 11:50:33.213"></status>
</kw>
<kw name="Close navigation" library="common" type="teardown">
<kw name="Close Browser" library="Selenium2Library">
<doc>Closes the current browser.</doc>
<status status="PASS" starttime="20210325 11:50:33.213" endtime="20210325 11:50:35.332"></status>
</kw>
<status status="PASS" starttime="20210325 11:50:33.213" endtime="20210325 11:50:35.332"></status>
</kw>
<status status="PASS" starttime="20210325 11:49:56.087" endtime="20210325 11:50:35.332" critical="yes"></status>
</test>
<status status="PASS" starttime="20210325 11:49:55.840" endtime="20210325 11:50:35.333"></status>
</suite>
<statistics>
<total>
<stat pass="1" fail="0">Critical Tests</stat>
<stat pass="1" fail="0">All Tests</stat>
</total>
<tag>
</tag>
<suite>
<stat pass="1" fail="0" id="s1" name="Buy Product">Buy Product</stat>
</suite>
</statistics>
<errors>
</errors>
</robot>
